This is pdfTeX, Version 3.14159265-2.6-1.40.21 (TeX Live 2020/Debian) (preloaded format=pdflatex 2020.12.8)  10 DEC 2020 11:25
entering extended mode
 restricted \write18 enabled.
 %&-line parsing enabled.
**SegundaEntrega.tex
(./SegundaEntrega.tex
LaTeX2e <2020-02-02> patch level 5
L3 programming layer <2020-07-17>
(/usr/share/texlive/texmf-dist/tex/latex/base/article.cls
Document Class: article 2019/12/20 v1.4l Standard LaTeX document class
(/usr/share/texlive/texmf-dist/tex/latex/base/size10.clo
File: size10.clo 2019/12/20 v1.4l Standard LaTeX file (size option)
)
\c@part=\count168
\c@section=\count169
\c@subsection=\count170
\c@subsubsection=\count171
\c@paragraph=\count172
\c@subparagraph=\count173
\c@figure=\count174
\c@table=\count175
\abovecaptionskip=\skip47
\belowcaptionskip=\skip48
\bibindent=\dimen134
)
(/usr/share/texlive/texmf-dist/tex/latex/base/inputenc.sty
Package: inputenc 2018/08/11 v1.3c Input encoding file
\inpenc@prehook=\toks15
\inpenc@posthook=\toks16

(/usr/share/texlive/texmf-dist/tex/latex/ucs/utf8x.def
File: utf8x.def 2004/10/17 UCS: Input encoding UTF-8
))
(/usr/share/texlive/texmf-dist/tex/latex/ucs/ucs.sty
Package: ucs 2013/05/11 v2.2 UCS: Unicode input support

(/usr/share/texlive/texmf-dist/tex/latex/ucs/data/uni-global.def
File: uni-global.def 2013/05/13 UCS: Unicode global data
)
\uc@secondtry=\count176
\uc@combtoks=\toks17
\uc@combtoksb=\toks18
\uc@temptokena=\toks19
)
(/usr/share/texlive/texmf-dist/tex/latex/pgf/frontendlayer/tikz.sty
(/usr/share/texlive/texmf-dist/tex/latex/pgf/basiclayer/pgf.sty
(/usr/share/texlive/texmf-dist/tex/latex/pgf/utilities/pgfrcs.sty
(/usr/share/texlive/texmf-dist/tex/generic/pgf/utilities/pgfutil-common.tex
\pgfutil@everybye=\toks20
\pgfutil@tempdima=\dimen135
\pgfutil@tempdimb=\dimen136

(/usr/share/texlive/texmf-dist/tex/generic/pgf/utilities/pgfutil-common-lists.t
ex)) (/usr/share/texlive/texmf-dist/tex/generic/pgf/utilities/pgfutil-latex.def
\pgfutil@abb=\box45
(/usr/share/texlive/texmf-dist/tex/latex/ms/everyshi.sty
Package: everyshi 2001/05/15 v3.00 EveryShipout Package (MS)
))
(/usr/share/texlive/texmf-dist/tex/generic/pgf/utilities/pgfrcs.code.tex
(/usr/share/texlive/texmf-dist/tex/generic/pgf/pgf.revision.tex)
Package: pgfrcs 2020/01/08 v3.1.5b (3.1.5b)
))
Package: pgf 2020/01/08 v3.1.5b (3.1.5b)

(/usr/share/texlive/texmf-dist/tex/latex/pgf/basiclayer/pgfcore.sty
(/usr/share/texlive/texmf-dist/tex/latex/graphics/graphicx.sty
Package: graphicx 2019/11/30 v1.2a Enhanced LaTeX Graphics (DPC,SPQR)

(/usr/share/texlive/texmf-dist/tex/latex/graphics/keyval.sty
Package: keyval 2014/10/28 v1.15 key=value parser (DPC)
\KV@toks@=\toks21
)
(/usr/share/texlive/texmf-dist/tex/latex/graphics/graphics.sty
Package: graphics 2019/11/30 v1.4a Standard LaTeX Graphics (DPC,SPQR)

(/usr/share/texlive/texmf-dist/tex/latex/graphics/trig.sty
Package: trig 2016/01/03 v1.10 sin cos tan (DPC)
)
(/usr/share/texlive/texmf-dist/tex/latex/graphics-cfg/graphics.cfg
File: graphics.cfg 2016/06/04 v1.11 sample graphics configuration
)
Package graphics Info: Driver file: pdftex.def on input line 105.

(/usr/share/texlive/texmf-dist/tex/latex/graphics-def/pdftex.def
File: pdftex.def 2018/01/08 v1.0l Graphics/color driver for pdftex
))
\Gin@req@height=\dimen137
\Gin@req@width=\dimen138
)
(/usr/share/texlive/texmf-dist/tex/latex/pgf/systemlayer/pgfsys.sty
(/usr/share/texlive/texmf-dist/tex/generic/pgf/systemlayer/pgfsys.code.tex
Package: pgfsys 2020/01/08 v3.1.5b (3.1.5b)

(/usr/share/texlive/texmf-dist/tex/generic/pgf/utilities/pgfkeys.code.tex
\pgfkeys@pathtoks=\toks22
\pgfkeys@temptoks=\toks23

(/usr/share/texlive/texmf-dist/tex/generic/pgf/utilities/pgfkeysfiltered.code.t
ex
\pgfkeys@tmptoks=\toks24
))
\pgf@x=\dimen139
\pgf@y=\dimen140
\pgf@xa=\dimen141
\pgf@ya=\dimen142
\pgf@xb=\dimen143
\pgf@yb=\dimen144
\pgf@xc=\dimen145
\pgf@yc=\dimen146
\pgf@xd=\dimen147
\pgf@yd=\dimen148
\w@pgf@writea=\write3
\r@pgf@reada=\read2
\c@pgf@counta=\count177
\c@pgf@countb=\count178
\c@pgf@countc=\count179
\c@pgf@countd=\count180
\t@pgf@toka=\toks25
\t@pgf@tokb=\toks26
\t@pgf@tokc=\toks27
\pgf@sys@id@count=\count181
 (/usr/share/texlive/texmf-dist/tex/generic/pgf/systemlayer/pgf.cfg
File: pgf.cfg 2020/01/08 v3.1.5b (3.1.5b)
)
Driver file for pgf: pgfsys-pdftex.def

(/usr/share/texlive/texmf-dist/tex/generic/pgf/systemlayer/pgfsys-pdftex.def
File: pgfsys-pdftex.def 2020/01/08 v3.1.5b (3.1.5b)

(/usr/share/texlive/texmf-dist/tex/generic/pgf/systemlayer/pgfsys-common-pdf.de
f
File: pgfsys-common-pdf.def 2020/01/08 v3.1.5b (3.1.5b)
)))
(/usr/share/texlive/texmf-dist/tex/generic/pgf/systemlayer/pgfsyssoftpath.code.
tex
File: pgfsyssoftpath.code.tex 2020/01/08 v3.1.5b (3.1.5b)
\pgfsyssoftpath@smallbuffer@items=\count182
\pgfsyssoftpath@bigbuffer@items=\count183
)
(/usr/share/texlive/texmf-dist/tex/generic/pgf/systemlayer/pgfsysprotocol.code.
tex
File: pgfsysprotocol.code.tex 2020/01/08 v3.1.5b (3.1.5b)
)) (/usr/share/texlive/texmf-dist/tex/latex/xcolor/xcolor.sty
Package: xcolor 2016/05/11 v2.12 LaTeX color extensions (UK)

(/usr/share/texlive/texmf-dist/tex/latex/graphics-cfg/color.cfg
File: color.cfg 2016/01/02 v1.6 sample color configuration
)
Package xcolor Info: Driver file: pdftex.def on input line 225.
Package xcolor Info: Model `cmy' substituted by `cmy0' on input line 1348.
Package xcolor Info: Model `hsb' substituted by `rgb' on input line 1352.
Package xcolor Info: Model `RGB' extended on input line 1364.
Package xcolor Info: Model `HTML' substituted by `rgb' on input line 1366.
Package xcolor Info: Model `Hsb' substituted by `hsb' on input line 1367.
Package xcolor Info: Model `tHsb' substituted by `hsb' on input line 1368.
Package xcolor Info: Model `HSB' substituted by `hsb' on input line 1369.
Package xcolor Info: Model `Gray' substituted by `gray' on input line 1370.
Package xcolor Info: Model `wave' substituted by `hsb' on input line 1371.
)
(/usr/share/texlive/texmf-dist/tex/generic/pgf/basiclayer/pgfcore.code.tex
Package: pgfcore 2020/01/08 v3.1.5b (3.1.5b)

(/usr/share/texlive/texmf-dist/tex/generic/pgf/math/pgfmath.code.tex
(/usr/share/texlive/texmf-dist/tex/generic/pgf/math/pgfmathcalc.code.tex
(/usr/share/texlive/texmf-dist/tex/generic/pgf/math/pgfmathutil.code.tex)
(/usr/share/texlive/texmf-dist/tex/generic/pgf/math/pgfmathparser.code.tex
\pgfmath@dimen=\dimen149
\pgfmath@count=\count184
\pgfmath@box=\box46
\pgfmath@toks=\toks28
\pgfmath@stack@operand=\toks29
\pgfmath@stack@operation=\toks30
)
(/usr/share/texlive/texmf-dist/tex/generic/pgf/math/pgfmathfunctions.code.tex
(/usr/share/texlive/texmf-dist/tex/generic/pgf/math/pgfmathfunctions.basic.code
.tex)
(/usr/share/texlive/texmf-dist/tex/generic/pgf/math/pgfmathfunctions.trigonomet
ric.code.tex)
(/usr/share/texlive/texmf-dist/tex/generic/pgf/math/pgfmathfunctions.random.cod
e.tex)
(/usr/share/texlive/texmf-dist/tex/generic/pgf/math/pgfmathfunctions.comparison
.code.tex)
(/usr/share/texlive/texmf-dist/tex/generic/pgf/math/pgfmathfunctions.base.code.
tex)
(/usr/share/texlive/texmf-dist/tex/generic/pgf/math/pgfmathfunctions.round.code
.tex)
(/usr/share/texlive/texmf-dist/tex/generic/pgf/math/pgfmathfunctions.misc.code.
tex)
(/usr/share/texlive/texmf-dist/tex/generic/pgf/math/pgfmathfunctions.integerari
thmetics.code.tex)))
(/usr/share/texlive/texmf-dist/tex/generic/pgf/math/pgfmathfloat.code.tex
\c@pgfmathroundto@lastzeros=\count185
))
(/usr/share/texlive/texmf-dist/tex/generic/pgf/math/pgfint.code.tex)
(/usr/share/texlive/texmf-dist/tex/generic/pgf/basiclayer/pgfcorepoints.code.te
x
File: pgfcorepoints.code.tex 2020/01/08 v3.1.5b (3.1.5b)
\pgf@picminx=\dimen150
\pgf@picmaxx=\dimen151
\pgf@picminy=\dimen152
\pgf@picmaxy=\dimen153
\pgf@pathminx=\dimen154
\pgf@pathmaxx=\dimen155
\pgf@pathminy=\dimen156
\pgf@pathmaxy=\dimen157
\pgf@xx=\dimen158
\pgf@xy=\dimen159
\pgf@yx=\dimen160
\pgf@yy=\dimen161
\pgf@zx=\dimen162
\pgf@zy=\dimen163
)
(/usr/share/texlive/texmf-dist/tex/generic/pgf/basiclayer/pgfcorepathconstruct.
code.tex
File: pgfcorepathconstruct.code.tex 2020/01/08 v3.1.5b (3.1.5b)
\pgf@path@lastx=\dimen164
\pgf@path@lasty=\dimen165
)
(/usr/share/texlive/texmf-dist/tex/generic/pgf/basiclayer/pgfcorepathusage.code
.tex
File: pgfcorepathusage.code.tex 2020/01/08 v3.1.5b (3.1.5b)
\pgf@shorten@end@additional=\dimen166
\pgf@shorten@start@additional=\dimen167
)
(/usr/share/texlive/texmf-dist/tex/generic/pgf/basiclayer/pgfcorescopes.code.te
x
File: pgfcorescopes.code.tex 2020/01/08 v3.1.5b (3.1.5b)
\pgfpic=\box47
\pgf@hbox=\box48
\pgf@layerbox@main=\box49
\pgf@picture@serial@count=\count186
)
(/usr/share/texlive/texmf-dist/tex/generic/pgf/basiclayer/pgfcoregraphicstate.c
ode.tex
File: pgfcoregraphicstate.code.tex 2020/01/08 v3.1.5b (3.1.5b)
\pgflinewidth=\dimen168
)
(/usr/share/texlive/texmf-dist/tex/generic/pgf/basiclayer/pgfcoretransformation
s.code.tex
File: pgfcoretransformations.code.tex 2020/01/08 v3.1.5b (3.1.5b)
\pgf@pt@x=\dimen169
\pgf@pt@y=\dimen170
\pgf@pt@temp=\dimen171
)
(/usr/share/texlive/texmf-dist/tex/generic/pgf/basiclayer/pgfcorequick.code.tex
File: pgfcorequick.code.tex 2020/01/08 v3.1.5b (3.1.5b)
)
(/usr/share/texlive/texmf-dist/tex/generic/pgf/basiclayer/pgfcoreobjects.code.t
ex
File: pgfcoreobjects.code.tex 2020/01/08 v3.1.5b (3.1.5b)
)
(/usr/share/texlive/texmf-dist/tex/generic/pgf/basiclayer/pgfcorepathprocessing
.code.tex
File: pgfcorepathprocessing.code.tex 2020/01/08 v3.1.5b (3.1.5b)
)
(/usr/share/texlive/texmf-dist/tex/generic/pgf/basiclayer/pgfcorearrows.code.te
x
File: pgfcorearrows.code.tex 2020/01/08 v3.1.5b (3.1.5b)
\pgfarrowsep=\dimen172
)
(/usr/share/texlive/texmf-dist/tex/generic/pgf/basiclayer/pgfcoreshade.code.tex
File: pgfcoreshade.code.tex 2020/01/08 v3.1.5b (3.1.5b)
\pgf@max=\dimen173
\pgf@sys@shading@range@num=\count187
\pgf@shadingcount=\count188
)
(/usr/share/texlive/texmf-dist/tex/generic/pgf/basiclayer/pgfcoreimage.code.tex
File: pgfcoreimage.code.tex 2020/01/08 v3.1.5b (3.1.5b)

(/usr/share/texlive/texmf-dist/tex/generic/pgf/basiclayer/pgfcoreexternal.code.
tex
File: pgfcoreexternal.code.tex 2020/01/08 v3.1.5b (3.1.5b)
\pgfexternal@startupbox=\box50
))
(/usr/share/texlive/texmf-dist/tex/generic/pgf/basiclayer/pgfcorelayers.code.te
x
File: pgfcorelayers.code.tex 2020/01/08 v3.1.5b (3.1.5b)
)
(/usr/share/texlive/texmf-dist/tex/generic/pgf/basiclayer/pgfcoretransparency.c
ode.tex
File: pgfcoretransparency.code.tex 2020/01/08 v3.1.5b (3.1.5b)
)
(/usr/share/texlive/texmf-dist/tex/generic/pgf/basiclayer/pgfcorepatterns.code.
tex
File: pgfcorepatterns.code.tex 2020/01/08 v3.1.5b (3.1.5b)
)
(/usr/share/texlive/texmf-dist/tex/generic/pgf/basiclayer/pgfcorerdf.code.tex
File: pgfcorerdf.code.tex 2020/01/08 v3.1.5b (3.1.5b)
)))
(/usr/share/texlive/texmf-dist/tex/generic/pgf/modules/pgfmoduleshapes.code.tex
File: pgfmoduleshapes.code.tex 2020/01/08 v3.1.5b (3.1.5b)
\pgfnodeparttextbox=\box51
) (/usr/share/texlive/texmf-dist/tex/generic/pgf/modules/pgfmoduleplot.code.tex
File: pgfmoduleplot.code.tex 2020/01/08 v3.1.5b (3.1.5b)
)
(/usr/share/texlive/texmf-dist/tex/latex/pgf/compatibility/pgfcomp-version-0-65
.sty
Package: pgfcomp-version-0-65 2020/01/08 v3.1.5b (3.1.5b)
\pgf@nodesepstart=\dimen174
\pgf@nodesepend=\dimen175
)
(/usr/share/texlive/texmf-dist/tex/latex/pgf/compatibility/pgfcomp-version-1-18
.sty
Package: pgfcomp-version-1-18 2020/01/08 v3.1.5b (3.1.5b)
)) (/usr/share/texlive/texmf-dist/tex/latex/pgf/utilities/pgffor.sty
(/usr/share/texlive/texmf-dist/tex/latex/pgf/utilities/pgfkeys.sty
(/usr/share/texlive/texmf-dist/tex/generic/pgf/utilities/pgfkeys.code.tex))
(/usr/share/texlive/texmf-dist/tex/latex/pgf/math/pgfmath.sty
(/usr/share/texlive/texmf-dist/tex/generic/pgf/math/pgfmath.code.tex))
(/usr/share/texlive/texmf-dist/tex/generic/pgf/utilities/pgffor.code.tex
Package: pgffor 2020/01/08 v3.1.5b (3.1.5b)

(/usr/share/texlive/texmf-dist/tex/generic/pgf/math/pgfmath.code.tex)
\pgffor@iter=\dimen176
\pgffor@skip=\dimen177
\pgffor@stack=\toks31
\pgffor@toks=\toks32
))
(/usr/share/texlive/texmf-dist/tex/generic/pgf/frontendlayer/tikz/tikz.code.tex
Package: tikz 2020/01/08 v3.1.5b (3.1.5b)

(/usr/share/texlive/texmf-dist/tex/generic/pgf/libraries/pgflibraryplothandlers
.code.tex
File: pgflibraryplothandlers.code.tex 2020/01/08 v3.1.5b (3.1.5b)
\pgf@plot@mark@count=\count189
\pgfplotmarksize=\dimen178
)
\tikz@lastx=\dimen179
\tikz@lasty=\dimen180
\tikz@lastxsaved=\dimen181
\tikz@lastysaved=\dimen182
\tikz@lastmovetox=\dimen183
\tikz@lastmovetoy=\dimen184
\tikzleveldistance=\dimen185
\tikzsiblingdistance=\dimen186
\tikz@figbox=\box52
\tikz@figbox@bg=\box53
\tikz@tempbox=\box54
\tikz@tempbox@bg=\box55
\tikztreelevel=\count190
\tikznumberofchildren=\count191
\tikznumberofcurrentchild=\count192
\tikz@fig@count=\count193

(/usr/share/texlive/texmf-dist/tex/generic/pgf/modules/pgfmodulematrix.code.tex
File: pgfmodulematrix.code.tex 2020/01/08 v3.1.5b (3.1.5b)
\pgfmatrixcurrentrow=\count194
\pgfmatrixcurrentcolumn=\count195
\pgf@matrix@numberofcolumns=\count196
)
\tikz@expandcount=\count197

(/usr/share/texlive/texmf-dist/tex/generic/pgf/frontendlayer/tikz/libraries/tik
zlibrarytopaths.code.tex
File: tikzlibrarytopaths.code.tex 2020/01/08 v3.1.5b (3.1.5b)
)))
(/usr/share/texlive/texmf-dist/tex/latex/graphics/lscape.sty
Package: lscape 2000/10/22 v3.01 Landscape Pages (DPC)
)
(/usr/share/texlive/texmf-dist/tex/latex/pdflscape/pdflscape.sty
Package: pdflscape 2019/12/05 v0.12 Display of landscape pages in PDF (HO)

(/usr/share/texlive/texmf-dist/tex/generic/iftex/iftex.sty
Package: iftex 2020/03/06 v1.0d TeX engine tests
)
Package pdflscape Info: Auto-detected driver: pdftex on input line 81.
)
(/usr/share/texlive/texmf-dist/tex/latex/pdfpages/pdfpages.sty
Package: pdfpages 2020/01/28 v0.5q Insert pages of external PDF documents (AM)

(/usr/share/texlive/texmf-dist/tex/latex/base/ifthen.sty
Package: ifthen 2014/09/29 v1.1c Standard LaTeX ifthen package (DPC)
)
(/usr/share/texlive/texmf-dist/tex/latex/tools/calc.sty
Package: calc 2017/05/25 v4.3 Infix arithmetic (KKT,FJ)
\calc@Acount=\count198
\calc@Bcount=\count199
\calc@Adimen=\dimen187
\calc@Bdimen=\dimen188
\calc@Askip=\skip49
\calc@Bskip=\skip50
LaTeX Info: Redefining \setlength on input line 80.
LaTeX Info: Redefining \addtolength on input line 81.
\calc@Ccount=\count266
\calc@Cskip=\skip51
)
(/usr/share/texlive/texmf-dist/tex/latex/eso-pic/eso-pic.sty
Package: eso-pic 2018/04/12 v2.0h eso-pic (RN)

(/usr/share/texlive/texmf-dist/tex/generic/atbegshi/atbegshi.sty
Package: atbegshi 2019/12/05 v1.19 At begin shipout hook (HO)

(/usr/share/texlive/texmf-dist/tex/generic/infwarerr/infwarerr.sty
Package: infwarerr 2019/12/03 v1.5 Providing info/warning/error messages (HO)
)
(/usr/share/texlive/texmf-dist/tex/generic/ltxcmds/ltxcmds.sty
Package: ltxcmds 2019/12/15 v1.24 LaTeX kernel commands for general use (HO)
)))
\AM@pagewidth=\dimen189
\AM@pageheight=\dimen190

(/usr/share/texlive/texmf-dist/tex/latex/pdfpages/pppdftex.def
File: pppdftex.def 2020/01/28 v0.5q Pdfpages driver for pdfTeX (AM)
)
\AM@pagebox=\box56
\AM@global@opts=\toks33
\AM@pagecnt=\count267
\AM@toc@title=\toks34
\c@AM@survey=\count268
\AM@templatesizebox=\box57
)
(/usr/share/texlive/texmf-dist/tex/latex/amsmath/amstext.sty
Package: amstext 2000/06/29 v2.01 AMS text

(/usr/share/texlive/texmf-dist/tex/latex/amsmath/amsgen.sty
File: amsgen.sty 1999/11/30 v2.0 generic functions
\@emptytoks=\toks35
\ex@=\dimen191
))
(/usr/share/texlive/texmf-dist/tex/latex/geometry/geometry.sty
Package: geometry 2020/01/02 v5.9 Page Geometry

(/usr/share/texlive/texmf-dist/tex/generic/iftex/ifvtex.sty
Package: ifvtex 2019/10/25 v1.7 ifvtex legacy package. Use iftex instead.
)
\Gm@cnth=\count269
\Gm@cntv=\count270
\c@Gm@tempcnt=\count271
\Gm@bindingoffset=\dimen192
\Gm@wd@mp=\dimen193
\Gm@odd@mp=\dimen194
\Gm@even@mp=\dimen195
\Gm@layoutwidth=\dimen196
\Gm@layoutheight=\dimen197
\Gm@layouthoffset=\dimen198
\Gm@layoutvoffset=\dimen199
\Gm@dimlist=\toks36
)
(/usr/share/texlive/texmf-dist/tex/latex/l3backend/l3backend-pdfmode.def
File: l3backend-pdfmode.def 2020-06-29 L3 backend support: PDF mode
\l__kernel_color_stack_int=\count272
\l__pdf_internal_box=\box58
)
(./SegundaEntrega.aux)
\openout1 = `SegundaEntrega.aux'.

LaTeX Font Info:    Checking defaults for OML/cmm/m/it on input line 9.
LaTeX Font Info:    ... okay on input line 9.
LaTeX Font Info:    Checking defaults for OMS/cmsy/m/n on input line 9.
LaTeX Font Info:    ... okay on input line 9.
LaTeX Font Info:    Checking defaults for OT1/cmr/m/n on input line 9.
LaTeX Font Info:    ... okay on input line 9.
LaTeX Font Info:    Checking defaults for T1/cmr/m/n on input line 9.
LaTeX Font Info:    ... okay on input line 9.
LaTeX Font Info:    Checking defaults for TS1/cmr/m/n on input line 9.
LaTeX Font Info:    ... okay on input line 9.
LaTeX Font Info:    Checking defaults for OMX/cmex/m/n on input line 9.
LaTeX Font Info:    ... okay on input line 9.
LaTeX Font Info:    Checking defaults for U/cmr/m/n on input line 9.
LaTeX Font Info:    ... okay on input line 9.
 (/usr/share/texlive/texmf-dist/tex/latex/ucs/ucsencs.def
File: ucsencs.def 2011/01/21 Fixes to fontencodings LGR, T3
) ABD: EveryShipout initializing macros
(/usr/share/texlive/texmf-dist/tex/context/base/mkii/supp-pdf.mkii
[Loading MPS to PDF converter (version 2006.09.02).]
\scratchcounter=\count273
\scratchdimen=\dimen256
\scratchbox=\box59
\nofMPsegments=\count274
\nofMParguments=\count275
\everyMPshowfont=\toks37
\MPscratchCnt=\count276
\MPscratchDim=\dimen257
\MPnumerator=\count277
\makeMPintoPDFobject=\count278
\everyMPtoPDFconversion=\toks38
) (/usr/share/texlive/texmf-dist/tex/latex/epstopdf-pkg/epstopdf-base.sty
Package: epstopdf-base 2020-01-24 v2.11 Base part for package epstopdf
Package epstopdf-base Info: Redefining graphics rule for `.eps' on input line 4
85.

(/usr/share/texlive/texmf-dist/tex/latex/latexconfig/epstopdf-sys.cfg
File: epstopdf-sys.cfg 2010/07/13 v1.3 Configuration of (r)epstopdf for TeX Liv
e
))
\AtBeginShipoutBox=\box60

*geometry* driver: auto-detecting
*geometry* detected driver: pdftex
*geometry* verbose mode - [ preamble ] result:
* driver: pdftex
* paper: <default>
* layout: <same size as paper>
* layoutoffset:(h,v)=(0.0pt,0.0pt)
* modes: 
* h-part:(L,W,R)=(76.78688pt, 460.72124pt, 76.78688pt)
* v-part:(T,H,B)=(28.45274pt, 596.22748pt, 170.28976pt)
* \paperwidth=614.295pt
* \paperheight=794.96999pt
* \textwidth=460.72124pt
* \textheight=596.22748pt
* \oddsidemargin=4.51689pt
* \evensidemargin=4.51689pt
* \topmargin=-80.81725pt
* \headheight=12.0pt
* \headsep=25.0pt
* \topskip=10.0pt
* \footskip=30.0pt
* \marginparwidth=65.0pt
* \marginparsep=11.0pt
* \columnsep=10.0pt
* \skip\footins=9.0pt plus 4.0pt minus 2.0pt
* \hoffset=0.0pt
* \voffset=0.0pt
* \mag=1000
* \@twocolumnfalse
* \@twosidefalse
* \@mparswitchfalse
* \@reversemarginfalse
* (1in=72.27pt=25.4mm, 1cm=28.453pt)

(/usr/share/texlive/texmf-dist/tex/latex/ucs/data/uni-0.def
File: uni-0.def 2013/05/13 UCS: Unicode data U+0000..U+00FF
) [1

{/var/lib/texmf/fonts/map/pdftex/updmap/pdftex.map}] [1] [2]
Overfull \hbox (32.77446pt too wide) in paragraph at lines 220--220
[]        \OT1/cmtt/m/n/10 -First(IF ( E ) S) @ First(LET T ID) @ First(S) @ Fi
rst(DO { C } WHILE ( E );) = Vacio[] 
 []

[3]
Overfull \hbox (43.27437pt too wide) in paragraph at lines 220--220
[]        \OT1/cmtt/m/n/10 -First(RETURN X ;) @ First(INPUT ( ID ) ;) @ First(A
LERT ( E ) ;) @ First(ID S1) = Vacio[] 
 []


Overfull \hbox (132.52359pt too wide) in paragraph at lines 220--220
[]        \OT1/cmtt/m/n/10 -First(ID V1) @ First(( E )) @ First(ENT) @ First(CA
D) @ First(TRUE) @ First(FALSE) @ First(! ID) = Vacio[] 
 []

<TABLA.pdf, id=22, 2392.85962pt x 1690.39525pt>
File: TABLA.pdf Graphic file (type pdf)
<use TABLA.pdf>
Package pdftex.def Info: TABLA.pdf  used on input line 222.
(pdftex.def)             Requested size: 2392.8538pt x 1690.39114pt.
File: TABLA.pdf Graphic file (type pdf)
<use TABLA.pdf>
Package pdftex.def Info: TABLA.pdf  used on input line 222.
(pdftex.def)             Requested size: 2392.8538pt x 1690.39114pt.
<TABLA.pdf, id=25, page=1, 2392.85962pt x 1690.39525pt>
File: TABLA.pdf Graphic file (type pdf)
<use TABLA.pdf, page 1>
Package pdftex.def Info: TABLA.pdf , page1 used on input line 222.
(pdftex.def)             Requested size: 2392.8538pt x 1690.39114pt.
File: TABLA.pdf Graphic file (type pdf)
<use TABLA.pdf, page 1>
Package pdftex.def Info: TABLA.pdf , page1 used on input line 222.
(pdftex.def)             Requested size: 614.49782pt x 434.1016pt.
[4]
File: TABLA.pdf Graphic file (type pdf)
<use TABLA.pdf, page 1>
Package pdftex.def Info: TABLA.pdf , page1 used on input line 222.
(pdftex.def)             Requested size: 614.49782pt x 434.1016pt.
File: TABLA.pdf Graphic file (type pdf)
<use TABLA.pdf, page 1>
Package pdftex.def Info: TABLA.pdf , page1 used on input line 222.
(pdftex.def)             Requested size: 614.49782pt x 434.1016pt.
File: TABLA.pdf Graphic file (type pdf)
<use TABLA.pdf, page 1>
Package pdftex.def Info: TABLA.pdf , page1 used on input line 222.
(pdftex.def)             Requested size: 614.49782pt x 434.1016pt.
 [5 <./TABLA.pdf>] [6] [7]
Overfull \hbox (48.52432pt too wide) in paragraph at lines 351--351
[]\OT1/cmtt/m/n/10 Descendente 50 35 38 50 35 38 50 35 38 50 36 23 1 4 8 15 11 
7 3 50 36 24 50 36 23 1 4 8 15 11 7 3[] 
 []


Overfull \hbox (53.77428pt too wide) in paragraph at lines 351--351
[]\OT1/cmtt/m/n/10 50 36 24 51 41 42 38 44 38 46 38 47 48 35 38 48 36 22 26 1 4
 8 12 21 10 12 21 11 7 3 48 36 25 32 1[] 
 []


Overfull \hbox (64.27419pt too wide) in paragraph at lines 351--351
[]\OT1/cmtt/m/n/10 4 8 12 21 11 7 3 49 50 36 22 26 1 4 8 12 19 28 1 4 8 12 21 1
1 7 3 30 1 4 8 12 21 11 7 3 31 11 7 3 50[] 
 []

<Arbol1.pdf, id=51, 846.0408pt x 598.15468pt>
File: Arbol1.pdf Graphic file (type pdf)
<use Arbol1.pdf>
Package pdftex.def Info: Arbol1.pdf  used on input line 352.
(pdftex.def)             Requested size: 846.03874pt x 598.15321pt.
File: Arbol1.pdf Graphic file (type pdf)
<use Arbol1.pdf>
Package pdftex.def Info: Arbol1.pdf  used on input line 352.
(pdftex.def)             Requested size: 846.03874pt x 598.15321pt.
<Arbol1.pdf, id=54, page=1, 846.0408pt x 598.15468pt>
File: Arbol1.pdf Graphic file (type pdf)
<use Arbol1.pdf, page 1>
Package pdftex.def Info: Arbol1.pdf , page1 used on input line 352.
(pdftex.def)             Requested size: 846.03874pt x 598.15321pt.
File: Arbol1.pdf Graphic file (type pdf)
<use Arbol1.pdf, page 1>
Package pdftex.def Info: Arbol1.pdf , page1 used on input line 352.
(pdftex.def)             Requested size: 846.03874pt x 598.15321pt.
[8]
File: Arbol1.pdf Graphic file (type pdf)
<use Arbol1.pdf, page 1>
Package pdftex.def Info: Arbol1.pdf , page1 used on input line 352.
(pdftex.def)             Requested size: 846.03874pt x 598.15321pt.
File: Arbol1.pdf Graphic file (type pdf)
<use Arbol1.pdf, page 1>
Package pdftex.def Info: Arbol1.pdf , page1 used on input line 352.
(pdftex.def)             Requested size: 846.03874pt x 598.15321pt.
File: Arbol1.pdf Graphic file (type pdf)
<use Arbol1.pdf, page 1>
Package pdftex.def Info: Arbol1.pdf , page1 used on input line 352.
(pdftex.def)             Requested size: 846.03874pt x 598.15321pt.
 [9 <./Arbol1.pdf>]
<Arbol1.pdf, id=78, page=2, 846.0408pt x 598.15468pt>
File: Arbol1.pdf Graphic file (type pdf)
<use Arbol1.pdf, page 2>
Package pdftex.def Info: Arbol1.pdf , page2 used on input line 352.
(pdftex.def)             Requested size: 846.03874pt x 598.15321pt.
File: Arbol1.pdf Graphic file (type pdf)
<use Arbol1.pdf, page 2>
Package pdftex.def Info: Arbol1.pdf , page2 used on input line 352.
(pdftex.def)             Requested size: 846.03874pt x 598.15321pt.
File: Arbol1.pdf Graphic file (type pdf)
<use Arbol1.pdf, page 2>
Package pdftex.def Info: Arbol1.pdf , page2 used on input line 352.
(pdftex.def)             Requested size: 846.03874pt x 598.15321pt.
 [10 <./Arbol1.pdf>]
<Arbol1.pdf, id=82, page=3, 846.0408pt x 598.15468pt>
File: Arbol1.pdf Graphic file (type pdf)
<use Arbol1.pdf, page 3>
Package pdftex.def Info: Arbol1.pdf , page3 used on input line 352.
(pdftex.def)             Requested size: 846.03874pt x 598.15321pt.
File: Arbol1.pdf Graphic file (type pdf)
<use Arbol1.pdf, page 3>
Package pdftex.def Info: Arbol1.pdf , page3 used on input line 352.
(pdftex.def)             Requested size: 846.03874pt x 598.15321pt.
File: Arbol1.pdf Graphic file (type pdf)
<use Arbol1.pdf, page 3>
Package pdftex.def Info: Arbol1.pdf , page3 used on input line 352.
(pdftex.def)             Requested size: 846.03874pt x 598.15321pt.
 [11 <./Arbol1.pdf>]
<Arbol1.pdf, id=86, page=4, 846.0408pt x 598.15468pt>
File: Arbol1.pdf Graphic file (type pdf)
<use Arbol1.pdf, page 4>
Package pdftex.def Info: Arbol1.pdf , page4 used on input line 352.
(pdftex.def)             Requested size: 846.03874pt x 598.15321pt.
File: Arbol1.pdf Graphic file (type pdf)
<use Arbol1.pdf, page 4>
Package pdftex.def Info: Arbol1.pdf , page4 used on input line 352.
(pdftex.def)             Requested size: 846.03874pt x 598.15321pt.
File: Arbol1.pdf Graphic file (type pdf)
<use Arbol1.pdf, page 4>
Package pdftex.def Info: Arbol1.pdf , page4 used on input line 352.
(pdftex.def)             Requested size: 846.03874pt x 598.15321pt.
 [12 <./Arbol1.pdf>]
<Arbol1.pdf, id=91, page=5, 846.0408pt x 598.15468pt>
File: Arbol1.pdf Graphic file (type pdf)
<use Arbol1.pdf, page 5>
Package pdftex.def Info: Arbol1.pdf , page5 used on input line 352.
(pdftex.def)             Requested size: 846.03874pt x 598.15321pt.
File: Arbol1.pdf Graphic file (type pdf)
<use Arbol1.pdf, page 5>
Package pdftex.def Info: Arbol1.pdf , page5 used on input line 352.
(pdftex.def)             Requested size: 846.03874pt x 598.15321pt.
File: Arbol1.pdf Graphic file (type pdf)
<use Arbol1.pdf, page 5>
Package pdftex.def Info: Arbol1.pdf , page5 used on input line 352.
(pdftex.def)             Requested size: 846.03874pt x 598.15321pt.
 [13 <./Arbol1.pdf>]
<Arbol1.pdf, id=95, page=6, 846.0408pt x 598.15468pt>
File: Arbol1.pdf Graphic file (type pdf)
<use Arbol1.pdf, page 6>
Package pdftex.def Info: Arbol1.pdf , page6 used on input line 352.
(pdftex.def)             Requested size: 846.03874pt x 598.15321pt.
File: Arbol1.pdf Graphic file (type pdf)
<use Arbol1.pdf, page 6>
Package pdftex.def Info: Arbol1.pdf , page6 used on input line 352.
(pdftex.def)             Requested size: 846.03874pt x 598.15321pt.
File: Arbol1.pdf Graphic file (type pdf)
<use Arbol1.pdf, page 6>
Package pdftex.def Info: Arbol1.pdf , page6 used on input line 352.
(pdftex.def)             Requested size: 846.03874pt x 598.15321pt.
 [14 <./Arbol1.pdf>]
<Arbol1.pdf, id=99, page=7, 846.0408pt x 598.15468pt>
File: Arbol1.pdf Graphic file (type pdf)
<use Arbol1.pdf, page 7>
Package pdftex.def Info: Arbol1.pdf , page7 used on input line 352.
(pdftex.def)             Requested size: 846.03874pt x 598.15321pt.
File: Arbol1.pdf Graphic file (type pdf)
<use Arbol1.pdf, page 7>
Package pdftex.def Info: Arbol1.pdf , page7 used on input line 352.
(pdftex.def)             Requested size: 846.03874pt x 598.15321pt.
File: Arbol1.pdf Graphic file (type pdf)
<use Arbol1.pdf, page 7>
Package pdftex.def Info: Arbol1.pdf , page7 used on input line 352.
(pdftex.def)             Requested size: 846.03874pt x 598.15321pt.
 [15 <./Arbol1.pdf>]
<Arbol1.pdf, id=103, page=8, 846.0408pt x 598.15468pt>
File: Arbol1.pdf Graphic file (type pdf)
<use Arbol1.pdf, page 8>
Package pdftex.def Info: Arbol1.pdf , page8 used on input line 352.
(pdftex.def)             Requested size: 846.03874pt x 598.15321pt.
File: Arbol1.pdf Graphic file (type pdf)
<use Arbol1.pdf, page 8>
Package pdftex.def Info: Arbol1.pdf , page8 used on input line 352.
(pdftex.def)             Requested size: 846.03874pt x 598.15321pt.
File: Arbol1.pdf Graphic file (type pdf)
<use Arbol1.pdf, page 8>
Package pdftex.def Info: Arbol1.pdf , page8 used on input line 352.
(pdftex.def)             Requested size: 846.03874pt x 598.15321pt.
 [16 <./Arbol1.pdf>]
<Arbol1.pdf, id=107, page=9, 846.0408pt x 598.15468pt>
File: Arbol1.pdf Graphic file (type pdf)
<use Arbol1.pdf, page 9>
Package pdftex.def Info: Arbol1.pdf , page9 used on input line 352.
(pdftex.def)             Requested size: 846.03874pt x 598.15321pt.
File: Arbol1.pdf Graphic file (type pdf)
<use Arbol1.pdf, page 9>
Package pdftex.def Info: Arbol1.pdf , page9 used on input line 352.
(pdftex.def)             Requested size: 846.03874pt x 598.15321pt.
File: Arbol1.pdf Graphic file (type pdf)
<use Arbol1.pdf, page 9>
Package pdftex.def Info: Arbol1.pdf , page9 used on input line 352.
(pdftex.def)             Requested size: 846.03874pt x 598.15321pt.
 [17 <./Arbol1.pdf>] [18]
Overfull \hbox (64.27419pt too wide) in paragraph at lines 448--448
[]\OT1/cmtt/m/n/10 Descendente 50 35 38 50 35 38 50 35 39 50 36 22 26 1 4 8 14 
11 7 3 50 36 22 26 1 4 8 12 21 11 7 3 50[] 
 []


Overfull \hbox (59.02423pt too wide) in paragraph at lines 448--448
[]\OT1/cmtt/m/n/10 35 39 50 36 22 26 1 4 8 12 21 11 5 8 12 21 11 7 3 50 34 1 4 
8 12 21 11 7 3 22 26 1 4 8 14 11 7 3 50[] 
 []


Overfull \hbox (32.77446pt too wide) in paragraph at lines 448--448
[]\OT1/cmtt/m/n/10 36 22 26 1 4 8 12 21 9 12 21 11 7 3 50 36 23 1 4 8 12 21 11 
7 3 50 36 23 1 4 8 12 21 11 7 3 52[] 
 []

<Arbol2.pdf, id=115, 598.15468pt x 846.0408pt>
File: Arbol2.pdf Graphic file (type pdf)
<use Arbol2.pdf>
Package pdftex.def Info: Arbol2.pdf  used on input line 449.
(pdftex.def)             Requested size: 598.15321pt x 846.03874pt.
File: Arbol2.pdf Graphic file (type pdf)
<use Arbol2.pdf>
Package pdftex.def Info: Arbol2.pdf  used on input line 449.
(pdftex.def)             Requested size: 598.15321pt x 846.03874pt.
<Arbol2.pdf, id=118, page=1, 598.15468pt x 846.0408pt>
File: Arbol2.pdf Graphic file (type pdf)
<use Arbol2.pdf, page 1>
Package pdftex.def Info: Arbol2.pdf , page1 used on input line 449.
(pdftex.def)             Requested size: 598.15321pt x 846.03874pt.
File: Arbol2.pdf Graphic file (type pdf)
<use Arbol2.pdf, page 1>
Package pdftex.def Info: Arbol2.pdf , page1 used on input line 449.
(pdftex.def)             Requested size: 598.15321pt x 846.03874pt.
[19]
File: Arbol2.pdf Graphic file (type pdf)
<use Arbol2.pdf, page 1>
Package pdftex.def Info: Arbol2.pdf , page1 used on input line 449.
(pdftex.def)             Requested size: 598.15321pt x 846.03874pt.
File: Arbol2.pdf Graphic file (type pdf)
<use Arbol2.pdf, page 1>
Package pdftex.def Info: Arbol2.pdf , page1 used on input line 449.
(pdftex.def)             Requested size: 598.15321pt x 846.03874pt.
File: Arbol2.pdf Graphic file (type pdf)
<use Arbol2.pdf, page 1>
Package pdftex.def Info: Arbol2.pdf , page1 used on input line 449.
(pdftex.def)             Requested size: 598.15321pt x 846.03874pt.
 [20 <./Arbol2.pdf>]
<Arbol2.pdf, id=142, page=2, 598.15468pt x 846.0408pt>
File: Arbol2.pdf Graphic file (type pdf)
<use Arbol2.pdf, page 2>
Package pdftex.def Info: Arbol2.pdf , page2 used on input line 449.
(pdftex.def)             Requested size: 598.15321pt x 846.03874pt.
File: Arbol2.pdf Graphic file (type pdf)
<use Arbol2.pdf, page 2>
Package pdftex.def Info: Arbol2.pdf , page2 used on input line 449.
(pdftex.def)             Requested size: 598.15321pt x 846.03874pt.
File: Arbol2.pdf Graphic file (type pdf)
<use Arbol2.pdf, page 2>
Package pdftex.def Info: Arbol2.pdf , page2 used on input line 449.
(pdftex.def)             Requested size: 598.15321pt x 846.03874pt.
 [21 <./Arbol2.pdf>]
<Arbol2.pdf, id=146, page=3, 598.15468pt x 846.0408pt>
File: Arbol2.pdf Graphic file (type pdf)
<use Arbol2.pdf, page 3>
Package pdftex.def Info: Arbol2.pdf , page3 used on input line 449.
(pdftex.def)             Requested size: 598.15321pt x 846.03874pt.
File: Arbol2.pdf Graphic file (type pdf)
<use Arbol2.pdf, page 3>
Package pdftex.def Info: Arbol2.pdf , page3 used on input line 449.
(pdftex.def)             Requested size: 598.15321pt x 846.03874pt.
File: Arbol2.pdf Graphic file (type pdf)
<use Arbol2.pdf, page 3>
Package pdftex.def Info: Arbol2.pdf , page3 used on input line 449.
(pdftex.def)             Requested size: 598.15321pt x 846.03874pt.
 [22 <./Arbol2.pdf>]
<Arbol2.pdf, id=150, page=4, 598.15468pt x 846.0408pt>
File: Arbol2.pdf Graphic file (type pdf)
<use Arbol2.pdf, page 4>
Package pdftex.def Info: Arbol2.pdf , page4 used on input line 449.
(pdftex.def)             Requested size: 598.15321pt x 846.03874pt.
File: Arbol2.pdf Graphic file (type pdf)
<use Arbol2.pdf, page 4>
Package pdftex.def Info: Arbol2.pdf , page4 used on input line 449.
(pdftex.def)             Requested size: 598.15321pt x 846.03874pt.
File: Arbol2.pdf Graphic file (type pdf)
<use Arbol2.pdf, page 4>
Package pdftex.def Info: Arbol2.pdf , page4 used on input line 449.
(pdftex.def)             Requested size: 598.15321pt x 846.03874pt.
 [23 <./Arbol2.pdf>]
<Arbol2.pdf, id=154, page=5, 598.15468pt x 846.0408pt>
File: Arbol2.pdf Graphic file (type pdf)
<use Arbol2.pdf, page 5>
Package pdftex.def Info: Arbol2.pdf , page5 used on input line 449.
(pdftex.def)             Requested size: 598.15321pt x 846.03874pt.
File: Arbol2.pdf Graphic file (type pdf)
<use Arbol2.pdf, page 5>
Package pdftex.def Info: Arbol2.pdf , page5 used on input line 449.
(pdftex.def)             Requested size: 598.15321pt x 846.03874pt.
File: Arbol2.pdf Graphic file (type pdf)
<use Arbol2.pdf, page 5>
Package pdftex.def Info: Arbol2.pdf , page5 used on input line 449.
(pdftex.def)             Requested size: 598.15321pt x 846.03874pt.
 [24 <./Arbol2.pdf>]
<Arbol2.pdf, id=159, page=6, 598.15468pt x 846.0408pt>
File: Arbol2.pdf Graphic file (type pdf)
<use Arbol2.pdf, page 6>
Package pdftex.def Info: Arbol2.pdf , page6 used on input line 449.
(pdftex.def)             Requested size: 598.15321pt x 846.03874pt.
File: Arbol2.pdf Graphic file (type pdf)
<use Arbol2.pdf, page 6>
Package pdftex.def Info: Arbol2.pdf , page6 used on input line 449.
(pdftex.def)             Requested size: 598.15321pt x 846.03874pt.
File: Arbol2.pdf Graphic file (type pdf)
<use Arbol2.pdf, page 6>
Package pdftex.def Info: Arbol2.pdf , page6 used on input line 449.
(pdftex.def)             Requested size: 598.15321pt x 846.03874pt.
 [25 <./Arbol2.pdf>] [26] [27]
<Arbol3.pdf, id=169, 598.15468pt x 846.0408pt>
File: Arbol3.pdf Graphic file (type pdf)
<use Arbol3.pdf>
Package pdftex.def Info: Arbol3.pdf  used on input line 573.
(pdftex.def)             Requested size: 598.15321pt x 846.03874pt.
File: Arbol3.pdf Graphic file (type pdf)
<use Arbol3.pdf>
Package pdftex.def Info: Arbol3.pdf  used on input line 573.
(pdftex.def)             Requested size: 598.15321pt x 846.03874pt.
<Arbol3.pdf, id=172, page=1, 598.15468pt x 846.0408pt>
File: Arbol3.pdf Graphic file (type pdf)
<use Arbol3.pdf, page 1>
Package pdftex.def Info: Arbol3.pdf , page1 used on input line 573.
(pdftex.def)             Requested size: 598.15321pt x 846.03874pt.
File: Arbol3.pdf Graphic file (type pdf)
<use Arbol3.pdf, page 1>
Package pdftex.def Info: Arbol3.pdf , page1 used on input line 573.
(pdftex.def)             Requested size: 598.15321pt x 846.03874pt.
 [28]
File: Arbol3.pdf Graphic file (type pdf)
<use Arbol3.pdf, page 1>
Package pdftex.def Info: Arbol3.pdf , page1 used on input line 573.
(pdftex.def)             Requested size: 598.15321pt x 846.03874pt.
File: Arbol3.pdf Graphic file (type pdf)
<use Arbol3.pdf, page 1>
Package pdftex.def Info: Arbol3.pdf , page1 used on input line 573.
(pdftex.def)             Requested size: 598.15321pt x 846.03874pt.
File: Arbol3.pdf Graphic file (type pdf)
<use Arbol3.pdf, page 1>
Package pdftex.def Info: Arbol3.pdf , page1 used on input line 573.
(pdftex.def)             Requested size: 598.15321pt x 846.03874pt.
 [29 <./Arbol3.pdf>]
<Arbol3.pdf, id=197, page=2, 598.15468pt x 846.0408pt>
File: Arbol3.pdf Graphic file (type pdf)
<use Arbol3.pdf, page 2>
Package pdftex.def Info: Arbol3.pdf , page2 used on input line 573.
(pdftex.def)             Requested size: 598.15321pt x 846.03874pt.
File: Arbol3.pdf Graphic file (type pdf)
<use Arbol3.pdf, page 2>
Package pdftex.def Info: Arbol3.pdf , page2 used on input line 573.
(pdftex.def)             Requested size: 598.15321pt x 846.03874pt.
File: Arbol3.pdf Graphic file (type pdf)
<use Arbol3.pdf, page 2>
Package pdftex.def Info: Arbol3.pdf , page2 used on input line 573.
(pdftex.def)             Requested size: 598.15321pt x 846.03874pt.
 [30 <./Arbol3.pdf>]
<Arbol3.pdf, id=202, page=3, 598.15468pt x 846.0408pt>
File: Arbol3.pdf Graphic file (type pdf)
<use Arbol3.pdf, page 3>
Package pdftex.def Info: Arbol3.pdf , page3 used on input line 573.
(pdftex.def)             Requested size: 598.15321pt x 846.03874pt.
File: Arbol3.pdf Graphic file (type pdf)
<use Arbol3.pdf, page 3>
Package pdftex.def Info: Arbol3.pdf , page3 used on input line 573.
(pdftex.def)             Requested size: 598.15321pt x 846.03874pt.
File: Arbol3.pdf Graphic file (type pdf)
<use Arbol3.pdf, page 3>
Package pdftex.def Info: Arbol3.pdf , page3 used on input line 573.
(pdftex.def)             Requested size: 598.15321pt x 846.03874pt.
 [31 <./Arbol3.pdf>]
<Arbol3.pdf, id=206, page=4, 598.15468pt x 846.0408pt>
File: Arbol3.pdf Graphic file (type pdf)
<use Arbol3.pdf, page 4>
Package pdftex.def Info: Arbol3.pdf , page4 used on input line 573.
(pdftex.def)             Requested size: 598.15321pt x 846.03874pt.
File: Arbol3.pdf Graphic file (type pdf)
<use Arbol3.pdf, page 4>
Package pdftex.def Info: Arbol3.pdf , page4 used on input line 573.
(pdftex.def)             Requested size: 598.15321pt x 846.03874pt.
File: Arbol3.pdf Graphic file (type pdf)
<use Arbol3.pdf, page 4>
Package pdftex.def Info: Arbol3.pdf , page4 used on input line 573.
(pdftex.def)             Requested size: 598.15321pt x 846.03874pt.
 [32 <./Arbol3.pdf>]
<Arbol3.pdf, id=210, page=5, 598.15468pt x 846.0408pt>
File: Arbol3.pdf Graphic file (type pdf)
<use Arbol3.pdf, page 5>
Package pdftex.def Info: Arbol3.pdf , page5 used on input line 573.
(pdftex.def)             Requested size: 598.15321pt x 846.03874pt.
File: Arbol3.pdf Graphic file (type pdf)
<use Arbol3.pdf, page 5>
Package pdftex.def Info: Arbol3.pdf , page5 used on input line 573.
(pdftex.def)             Requested size: 598.15321pt x 846.03874pt.
File: Arbol3.pdf Graphic file (type pdf)
<use Arbol3.pdf, page 5>
Package pdftex.def Info: Arbol3.pdf , page5 used on input line 573.
(pdftex.def)             Requested size: 598.15321pt x 846.03874pt.
 [33 <./Arbol3.pdf>]
<Arbol3.pdf, id=214, page=6, 598.15468pt x 846.0408pt>
File: Arbol3.pdf Graphic file (type pdf)
<use Arbol3.pdf, page 6>
Package pdftex.def Info: Arbol3.pdf , page6 used on input line 573.
(pdftex.def)             Requested size: 598.15321pt x 846.03874pt.
File: Arbol3.pdf Graphic file (type pdf)
<use Arbol3.pdf, page 6>
Package pdftex.def Info: Arbol3.pdf , page6 used on input line 573.
(pdftex.def)             Requested size: 598.15321pt x 846.03874pt.
File: Arbol3.pdf Graphic file (type pdf)
<use Arbol3.pdf, page 6>
Package pdftex.def Info: Arbol3.pdf , page6 used on input line 573.
(pdftex.def)             Requested size: 598.15321pt x 846.03874pt.
 [34 <./Arbol3.pdf>] [35] [36] [37] [38] [39] [40] [41] (./SegundaEntrega.aux) 
) 
Here is how much of TeX's memory you used:
 13787 strings out of 482854
 271520 string characters out of 5956881
 498827 words of memory out of 5000000
 28878 multiletter control sequences out of 15000+600000
 536467 words of font info for 34 fonts, out of 8000000 for 9000
 14 hyphenation exceptions out of 8191
 60i,19n,60p,414b,619s stack positions out of 5000i,500n,10000p,200000b,80000s
</usr/share/texlive/texmf-dist/fonts/type1/public/amsfonts/cm/cmbx12.pfb></usr
/share/texlive/texmf-dist/fonts/type1/public/amsfonts/cm/cmr10.pfb></usr/share/
texlive/texmf-dist/fonts/type1/public/amsfonts/cm/cmr12.pfb></usr/share/texlive
/texmf-dist/fonts/type1/public/amsfonts/cm/cmtt10.pfb>
Output written on SegundaEntrega.pdf (42 pages, 236640 bytes).
PDF statistics:
 257 PDF objects out of 1000 (max. 8388607)
 151 compressed objects within 2 object streams
 0 named destinations out of 1000 (max. 500000)
 183 words of extra memory for PDF output out of 10000 (max. 10000000)

